Started by user admin
Obtained Jenkinsfile from git https://github.com/Scaaz/deltachat-desktop.git
Running in Durability level: MAX_SURVIVABILITY
[Pipeline] Start of Pipeline
[Pipeline] node
Running on Jenkins in /var/jenkins_home/workspace/deltachatPipeline
[Pipeline] {
[Pipeline] stage
[Pipeline] { (Declarative: Checkout SCM)
[Pipeline] checkout
The recommended git tool is: git
using credential 9e7e5af1-927b-4017-a82a-7af247b4508b
 > git rev-parse --resolve-git-dir /var/jenkins_home/workspace/deltachatPipeline/.git # timeout=10
Fetching changes from the remote Git repository
 > git config remote.origin.url https://github.com/Scaaz/deltachat-desktop.git # timeout=10
Fetching upstream changes from https://github.com/Scaaz/deltachat-desktop.git
 > git --version # timeout=10
 > git --version # 'git version 2.20.1'
using GIT_ASKPASS to set credentials Github
 > git fetch --tags --force --progress -- https://github.com/Scaaz/deltachat-desktop.git +refs/heads/*:refs/remotes/origin/* # timeout=10
 > git rev-parse refs/remotes/origin/master^{commit} # timeout=10
Checking out Revision 53f7ec159408c46b1d5c4c7248082da2a00cc381 (refs/remotes/origin/master)
 > git config core.sparsecheckout # timeout=10
 > git checkout -f 53f7ec159408c46b1d5c4c7248082da2a00cc381 # timeout=10
Commit message: "Add files via upload"
 > git rev-list --no-walk 77978348f2c48965853461cd7b0eb1a3d0b4ac5d # timeout=10
[Pipeline] }
[Pipeline] // stage
[Pipeline] withEnv
[Pipeline] {
[Pipeline] stage
[Pipeline] { (Build)
[Pipeline] script
[Pipeline] {
[Pipeline] }
[Pipeline] // script
[Pipeline] }
[Pipeline] // stage
[Pipeline] stage
[Pipeline] { (Test)
Stage "Test" skipped due to earlier failure(s)
[Pipeline] }
[Pipeline] // stage
[Pipeline] stage
[Pipeline] { (Deploy)
Stage "Deploy" skipped due to earlier failure(s)
[Pipeline] }
[Pipeline] // stage
[Pipeline] stage
[Pipeline] { (Declarative: Post Actions)
[Pipeline] emailext
Sending email to: szymon.czekaj0@gmail.com
